EDA Netlist Writer report for RISC
Fri Nov 23 05:20:58 2018
Quartus Prime Version 16.0.0 Build 211 04/27/2016 SJ Lite Edition


---------------------
; Table of Contents ;
---------------------
  1. Legal Notice
  2. EDA Netlist Writer Summary
  3. Simulation Settings
  4. Simulation Generated Files
  5. EDA Netlist Writer Messages



----------------
; Legal Notice ;
----------------
Copyright (C) 1991-2016 Altera Corporation. All rights reserved.
Your use of Altera Corporation's design tools, logic functions 
and other software and tools, and its AMPP partner logic 
functions, and any output files from any of the foregoing 
(including device programming or simulation files), and any 
associated documentation or information are expressly subject 
to the terms and conditions of the Altera Program License 
Subscription Agreement, the Altera Quartus Prime License Agreement,
the Altera MegaCore Function License Agreement, or other 
applicable license agreement, including, without limitation, 
that your use is for the sole purpose of programming logic 
devices manufactured by Altera and sold by Altera or its 
authorized distributors.  Please refer to the applicable 
agreement for further details.



+-------------------------------------------------------------------+
; EDA Netlist Writer Summary                                        ;
+---------------------------+---------------------------------------+
; EDA Netlist Writer Status ; Successful - Fri Nov 23 05:20:58 2018 ;
; Revision Name             ; RISC                                  ;
; Top-level Entity Name     ; RISC                                  ;
; Family                    ; Cyclone IV E                          ;
; Simulation Files Creation ; Successful                            ;
+---------------------------+---------------------------------------+


+----------------------------------------------------------------------------------------------------------------------------+
; Simulation Settings                                                                                                        ;
+---------------------------------------------------------------------------------------------------+------------------------+
; Option                                                                                            ; Setting                ;
+---------------------------------------------------------------------------------------------------+------------------------+
; Tool Name                                                                                         ; ModelSim-Altera (VHDL) ;
; Generate functional simulation netlist                                                            ; Off                    ;
; Time scale                                                                                        ; 1 ps                   ;
; Truncate long hierarchy paths                                                                     ; Off                    ;
; Map illegal HDL characters                                                                        ; Off                    ;
; Flatten buses into individual nodes                                                               ; Off                    ;
; Maintain hierarchy                                                                                ; Off                    ;
; Bring out device-wide set/reset signals as ports                                                  ; Off                    ;
; Enable glitch filtering                                                                           ; Off                    ;
; Do not write top level VHDL entity                                                                ; Off                    ;
; Disable detection of setup and hold time violations in the input registers of bi-directional pins ; Off                    ;
; Architecture name in VHDL output netlist                                                          ; structure              ;
; Generate third-party EDA tool command script for RTL functional simulation                        ; Off                    ;
; Generate third-party EDA tool command script for gate-level simulation                            ; Off                    ;
+---------------------------------------------------------------------------------------------------+------------------------+


+-----------------------------------------------------------------------------------------+
; Simulation Generated Files                                                              ;
+-----------------------------------------------------------------------------------------+
; Generated Files                                                                         ;
+-----------------------------------------------------------------------------------------+
; /home/dimple/Downloads/Micro-21 Nov/simulation/modelsim/RISC_6_1200mv_85c_slow.vho      ;
; /home/dimple/Downloads/Micro-21 Nov/simulation/modelsim/RISC_6_1200mv_0c_slow.vho       ;
; /home/dimple/Downloads/Micro-21 Nov/simulation/modelsim/RISC_min_1200mv_0c_fast.vho     ;
; /home/dimple/Downloads/Micro-21 Nov/simulation/modelsim/RISC.vho                        ;
; /home/dimple/Downloads/Micro-21 Nov/simulation/modelsim/RISC_6_1200mv_85c_vhd_slow.sdo  ;
; /home/dimple/Downloads/Micro-21 Nov/simulation/modelsim/RISC_6_1200mv_0c_vhd_slow.sdo   ;
; /home/dimple/Downloads/Micro-21 Nov/simulation/modelsim/RISC_min_1200mv_0c_vhd_fast.sdo ;
; /home/dimple/Downloads/Micro-21 Nov/simulation/modelsim/RISC_vhd.sdo                    ;
+-----------------------------------------------------------------------------------------+


+-----------------------------+
; EDA Netlist Writer Messages ;
+-----------------------------+
Info: *******************************************************************
Info: Running Quartus Prime EDA Netlist Writer
    Info: Version 16.0.0 Build 211 04/27/2016 SJ Lite Edition
    Info: Processing started: Fri Nov 23 05:20:56 2018
Info: Command: quartus_eda --read_settings_files=off --write_settings_files=off RISC -c RISC
Info (204019): Generated file RISC_6_1200mv_85c_slow.vho in folder "/home/dimple/Downloads/Micro-21 Nov/simulation/modelsim/" for EDA simulation tool
Info (204019): Generated file RISC_6_1200mv_0c_slow.vho in folder "/home/dimple/Downloads/Micro-21 Nov/simulation/modelsim/" for EDA simulation tool
Info (204019): Generated file RISC_min_1200mv_0c_fast.vho in folder "/home/dimple/Downloads/Micro-21 Nov/simulation/modelsim/" for EDA simulation tool
Info (204019): Generated file RISC.vho in folder "/home/dimple/Downloads/Micro-21 Nov/simulation/modelsim/" for EDA simulation tool
Info (204019): Generated file RISC_6_1200mv_85c_vhd_slow.sdo in folder "/home/dimple/Downloads/Micro-21 Nov/simulation/modelsim/" for EDA simulation tool
Info (204019): Generated file RISC_6_1200mv_0c_vhd_slow.sdo in folder "/home/dimple/Downloads/Micro-21 Nov/simulation/modelsim/" for EDA simulation tool
Info (204019): Generated file RISC_min_1200mv_0c_vhd_fast.sdo in folder "/home/dimple/Downloads/Micro-21 Nov/simulation/modelsim/" for EDA simulation tool
Info (204019): Generated file RISC_vhd.sdo in folder "/home/dimple/Downloads/Micro-21 Nov/simulation/modelsim/" for EDA simulation tool
Info: Quartus Prime EDA Netlist Writer was successful. 0 errors, 0 warnings
    Info: Peak virtual memory: 1328 megabytes
    Info: Processing ended: Fri Nov 23 05:20:58 2018
    Info: Elapsed time: 00:00:02
    Info: Total CPU time (on all processors): 00:00:03


